<?xml version="1.0" encoding="UTF-8"?>
<testng-results ignored="0" total="1" passed="1" failed="0" skipped="0">
  <reporter-output>
  </reporter-output>
  <suite started-at="2021-11-22T17:19:02 IST" name="Default suite" finished-at="2021-11-22T17:19:41 IST" duration-ms="38496">
    <groups>
    </groups>
    <test started-at="2021-11-22T17:19:02 IST" name="Default test" finished-at="2021-11-22T17:19:41 IST" duration-ms="38496">
      <class name="saucelabs_testcases.VerifyValidLogin">
        <test-method signature="checkValidUser()[pri:0, instance:saucelabs_testcases.VerifyValidLogin@7133da86]" started-at="2021-11-22T17:19:02 IST" name="checkValidUser" finished-at="2021-11-22T17:19:41 IST" duration-ms="38274" status="PASS">
          <reporter-output>
          </reporter-output>
        </test-method> <!-- checkValidUser -->
      </class> <!-- saucelabs_testcases.VerifyValidLogin -->
    </test> <!-- Default test -->
  </suite> <!-- Default suite -->
</testng-results>
